<?xml version="1.0"?>
<!DOCTYPE coverage SYSTEM "http://cobertura.sourceforge.net/xml/coverage-04.dtd">

<coverage line-rate="0.7192982456140351" branch-rate="0.25" lines-covered="41" lines-valid="57" branches-covered="1" branches-valid="4" complexity="1.1724137931034482" version="1.9.2" timestamp="1442383598564">
	<sources>
		<source>D:/GROUP_8_DEMO_CI/test_unit/src/main/java</source>
		<source>--source</source>
	</sources>
	<packages>
		<package name="org.suda.customerMgr.controller" line-rate="0.9166666666666666" branch-rate="0.5" complexity="1.5">
			<classes>
				<class name="org.suda.customerMgr.controller.CustomerController" filename="org/suda/customerMgr/controller/CustomerController.java" line-rate="0.9166666666666666" branch-rate="0.5" complexity="1.5">
					<methods>
						<method name="&lt;init&gt;" signature="()V" line-rate="1.0" branch-rate="1.0">
							<lines>
								<line number="17" hits="3" branch="false"/>
							</lines>
						</method>
						<method name="addCustomer" signature="(Lorg/suda/customerMgr/domain/Customer;Lorg/springframework/validation/BindingResult;)Ljava/lang/String;" line-rate="0.75" branch-rate="0.5">
							<lines>
								<line number="39" hits="1" branch="true" condition-coverage="50% (1/2)">
									<conditions>
										<condition number="0" type="jump" coverage="50%"/>
									</conditions>
								</line>
								<line number="40" hits="0" branch="false"/>
								<line number="42" hits="1" branch="false"/>
								<line number="43" hits="1" branch="false"/>
							</lines>
						</method>
						<method name="deleteCustomer" signature="(Ljava/lang/Integer;)Ljava/lang/String;" line-rate="1.0" branch-rate="1.0">
							<lines>
								<line number="48" hits="1" branch="false"/>
								<line number="49" hits="1" branch="false"/>
							</lines>
						</method>
						<method name="listCustomer" signature="(Ljava/util/Map;)Ljava/lang/String;" line-rate="1.0" branch-rate="1.0">
							<lines>
								<line number="32" hits="1" branch="false"/>
								<line number="33" hits="1" branch="false"/>
								<line number="34" hits="1" branch="false"/>
							</lines>
						</method>
						<method name="loadAddCustomer" signature="(Ljava/util/Map;)Ljava/lang/String;" line-rate="1.0" branch-rate="1.0">
							<lines>
								<line number="25" hits="1" branch="false"/>
								<line number="26" hits="1" branch="false"/>
							</lines>
						</method>
					</methods>
					<lines>
						<line number="17" hits="3" branch="false"/>
						<line number="25" hits="1" branch="false"/>
						<line number="26" hits="1" branch="false"/>
						<line number="32" hits="1" branch="false"/>
						<line number="33" hits="1" branch="false"/>
						<line number="34" hits="1" branch="false"/>
						<line number="39" hits="1" branch="true" condition-coverage="50% (1/2)">
							<conditions>
								<condition number="0" type="jump" coverage="50%"/>
							</conditions>
						</line>
						<line number="40" hits="0" branch="false"/>
						<line number="42" hits="1" branch="false"/>
						<line number="43" hits="1" branch="false"/>
						<line number="48" hits="1" branch="false"/>
						<line number="49" hits="1" branch="false"/>
					</lines>
				</class>
			</classes>
		</package>
		<package name="org.suda.customerMgr.dao" line-rate="0.5" branch-rate="0.0" complexity="2.0">
			<classes>
				<class name="org.suda.customerMgr.dao.CustomerDAOImpl" filename="org/suda/customerMgr/dao/CustomerDAOImpl.java" line-rate="0.5" branch-rate="0.0" complexity="2.0">
					<methods>
						<method name="&lt;clinit&gt;" signature="()V" line-rate="1.0" branch-rate="1.0">
							<lines>
								<line number="18" hits="1" branch="false"/>
							</lines>
						</method>
						<method name="&lt;init&gt;" signature="()V" line-rate="1.0" branch-rate="1.0">
							<lines>
								<line number="17" hits="2" branch="false"/>
							</lines>
						</method>
						<method name="addCustomer" signature="(Lorg/suda/customerMgr/domain/Customer;)Z" line-rate="0.5714285714285714" branch-rate="1.0">
							<lines>
								<line number="23" hits="1" branch="false"/>
								<line number="25" hits="1" branch="false"/>
								<line number="26" hits="1" branch="false"/>
								<line number="27" hits="1" branch="false"/>
								<line number="28" hits="0" branch="false"/>
								<line number="29" hits="0" branch="false"/>
								<line number="31" hits="0" branch="false"/>
							</lines>
						</method>
						<method name="listCustomer" signature="()Ljava/util/List;" line-rate="1.0" branch-rate="1.0">
							<lines>
								<line number="36" hits="2" branch="false"/>
								<line number="37" hits="2" branch="false"/>
							</lines>
						</method>
						<method name="removeCustomer" signature="(Ljava/lang/Integer;)V" line-rate="0.0" branch-rate="0.0">
							<lines>
								<line number="41" hits="0" branch="false"/>
								<line number="42" hits="0" branch="false"/>
								<line number="43" hits="0" branch="true" condition-coverage="0% (0/2)">
									<conditions>
										<condition number="0" type="jump" coverage="0%"/>
									</conditions>
								</line>
								<line number="44" hits="0" branch="false"/>
								<line number="47" hits="0" branch="false"/>
							</lines>
						</method>
					</methods>
					<lines>
						<line number="17" hits="2" branch="false"/>
						<line number="18" hits="1" branch="false"/>
						<line number="23" hits="1" branch="false"/>
						<line number="25" hits="1" branch="false"/>
						<line number="26" hits="1" branch="false"/>
						<line number="27" hits="1" branch="false"/>
						<line number="28" hits="0" branch="false"/>
						<line number="29" hits="0" branch="false"/>
						<line number="31" hits="0" branch="false"/>
						<line number="36" hits="2" branch="false"/>
						<line number="37" hits="2" branch="false"/>
						<line number="41" hits="0" branch="false"/>
						<line number="42" hits="0" branch="false"/>
						<line number="43" hits="0" branch="true" condition-coverage="0% (0/2)">
							<conditions>
								<condition number="0" type="jump" coverage="0%"/>
							</conditions>
						</line>
						<line number="44" hits="0" branch="false"/>
						<line number="47" hits="0" branch="false"/>
					</lines>
				</class>
			</classes>
		</package>
		<package name="org.suda.customerMgr.dao.api" line-rate="1.0" branch-rate="1.0" complexity="1.0">
			<classes>
				<class name="org.suda.customerMgr.dao.api.CustomerDAO" filename="org/suda/customerMgr/dao/api/CustomerDAO.java" line-rate="1.0" branch-rate="1.0" complexity="1.0">
					<methods>
					</methods>
					<lines>
					</lines>
				</class>
			</classes>
		</package>
		<package name="org.suda.customerMgr.domain" line-rate="0.8571428571428571" branch-rate="1.0" complexity="1.0">
			<classes>
				<class name="org.suda.customerMgr.domain.Customer" filename="org/suda/customerMgr/domain/Customer.java" line-rate="0.8571428571428571" branch-rate="1.0" complexity="1.0">
					<methods>
						<method name="&lt;init&gt;" signature="()V" line-rate="1.0" branch-rate="1.0">
							<lines>
								<line number="12" hits="7" branch="false"/>
							</lines>
						</method>
						<method name="getEmail" signature="()Ljava/lang/String;" line-rate="1.0" branch-rate="1.0">
							<lines>
								<line number="38" hits="1" branch="false"/>
							</lines>
						</method>
						<method name="getFirstname" signature="()Ljava/lang/String;" line-rate="1.0" branch-rate="1.0">
							<lines>
								<line number="54" hits="1" branch="false"/>
							</lines>
						</method>
						<method name="getId" signature="()Ljava/lang/Integer;" line-rate="0.0" branch-rate="1.0">
							<lines>
								<line number="70" hits="0" branch="false"/>
							</lines>
						</method>
						<method name="getLastname" signature="()Ljava/lang/String;" line-rate="1.0" branch-rate="1.0">
							<lines>
								<line number="58" hits="1" branch="false"/>
							</lines>
						</method>
						<method name="getTelephone" signature="()Ljava/lang/String;" line-rate="1.0" branch-rate="1.0">
							<lines>
								<line number="42" hits="1" branch="false"/>
							</lines>
						</method>
						<method name="setEmail" signature="(Ljava/lang/String;)V" line-rate="1.0" branch-rate="1.0">
							<lines>
								<line number="46" hits="5" branch="false"/>
								<line number="47" hits="5" branch="false"/>
							</lines>
						</method>
						<method name="setFirstname" signature="(Ljava/lang/String;)V" line-rate="1.0" branch-rate="1.0">
							<lines>
								<line number="62" hits="5" branch="false"/>
								<line number="63" hits="5" branch="false"/>
							</lines>
						</method>
						<method name="setId" signature="(Ljava/lang/Integer;)V" line-rate="0.0" branch-rate="1.0">
							<lines>
								<line number="74" hits="0" branch="false"/>
								<line number="75" hits="0" branch="false"/>
							</lines>
						</method>
						<method name="setLastname" signature="(Ljava/lang/String;)V" line-rate="1.0" branch-rate="1.0">
							<lines>
								<line number="66" hits="5" branch="false"/>
								<line number="67" hits="5" branch="false"/>
							</lines>
						</method>
						<method name="setTelephone" signature="(Ljava/lang/String;)V" line-rate="1.0" branch-rate="1.0">
							<lines>
								<line number="50" hits="2" branch="false"/>
								<line number="51" hits="2" branch="false"/>
							</lines>
						</method>
						<method name="toString" signature="()Ljava/lang/String;" line-rate="1.0" branch-rate="1.0">
							<lines>
								<line number="79" hits="4" branch="false"/>
								<line number="80" hits="2" branch="false"/>
								<line number="81" hits="2" branch="false"/>
								<line number="82" hits="2" branch="false"/>
								<line number="83" hits="2" branch="false"/>
							</lines>
						</method>
					</methods>
					<lines>
						<line number="12" hits="7" branch="false"/>
						<line number="38" hits="1" branch="false"/>
						<line number="42" hits="1" branch="false"/>
						<line number="46" hits="5" branch="false"/>
						<line number="47" hits="5" branch="false"/>
						<line number="50" hits="2" branch="false"/>
						<line number="51" hits="2" branch="false"/>
						<line number="54" hits="1" branch="false"/>
						<line number="58" hits="1" branch="false"/>
						<line number="62" hits="5" branch="false"/>
						<line number="63" hits="5" branch="false"/>
						<line number="66" hits="5" branch="false"/>
						<line number="67" hits="5" branch="false"/>
						<line number="70" hits="0" branch="false"/>
						<line number="74" hits="0" branch="false"/>
						<line number="75" hits="0" branch="false"/>
						<line number="79" hits="4" branch="false"/>
						<line number="80" hits="2" branch="false"/>
						<line number="81" hits="2" branch="false"/>
						<line number="82" hits="2" branch="false"/>
						<line number="83" hits="2" branch="false"/>
					</lines>
				</class>
			</classes>
		</package>
		<package name="org.suda.customerMgr.service" line-rate="0.5" branch-rate="1.0" complexity="1.0">
			<classes>
				<class name="org.suda.customerMgr.service.CustomerServiceImpl" filename="org/suda/customerMgr/service/CustomerServiceImpl.java" line-rate="0.5" branch-rate="1.0" complexity="1.0">
					<methods>
						<method name="&lt;init&gt;" signature="()V" line-rate="1.0" branch-rate="1.0">
							<lines>
								<line number="13" hits="2" branch="false"/>
							</lines>
						</method>
						<method name="addCustomer" signature="(Lorg/suda/customerMgr/domain/Customer;)Z" line-rate="1.0" branch-rate="1.0">
							<lines>
								<line number="20" hits="1" branch="false"/>
							</lines>
						</method>
						<method name="getCustomerDAO" signature="()Lorg/suda/customerMgr/dao/api/CustomerDAO;" line-rate="0.0" branch-rate="1.0">
							<lines>
								<line number="35" hits="0" branch="false"/>
							</lines>
						</method>
						<method name="listCustomer" signature="()Ljava/util/List;" line-rate="0.0" branch-rate="1.0">
							<lines>
								<line number="26" hits="0" branch="false"/>
							</lines>
						</method>
						<method name="removeCustomer" signature="(Ljava/lang/Integer;)V" line-rate="0.0" branch-rate="1.0">
							<lines>
								<line number="31" hits="0" branch="false"/>
								<line number="32" hits="0" branch="false"/>
							</lines>
						</method>
						<method name="setCustomerDAO" signature="(Lorg/suda/customerMgr/dao/api/CustomerDAO;)V" line-rate="1.0" branch-rate="1.0">
							<lines>
								<line number="39" hits="2" branch="false"/>
								<line number="40" hits="2" branch="false"/>
							</lines>
						</method>
					</methods>
					<lines>
						<line number="13" hits="2" branch="false"/>
						<line number="20" hits="1" branch="false"/>
						<line number="26" hits="0" branch="false"/>
						<line number="31" hits="0" branch="false"/>
						<line number="32" hits="0" branch="false"/>
						<line number="35" hits="0" branch="false"/>
						<line number="39" hits="2" branch="false"/>
						<line number="40" hits="2" branch="false"/>
					</lines>
				</class>
			</classes>
		</package>
		<package name="org.suda.customerMgr.service.api" line-rate="1.0" branch-rate="1.0" complexity="1.0">
			<classes>
				<class name="org.suda.customerMgr.service.api.CustomerService" filename="org/suda/customerMgr/service/api/CustomerService.java" line-rate="1.0" branch-rate="1.0" complexity="1.0">
					<methods>
					</methods>
					<lines>
					</lines>
				</class>
			</classes>
		</package>
	</packages>
</coverage>
